IP Upgrade report for CANDY_AVB
Fri Oct 19 08:10:25 2018
Quartus Prime Version 18.1.0 Build 625 09/12/2018 SJ Lite Edition


---------------------
; Table of Contents ;
---------------------
  1. Legal Notice
  2. IP Upgrade Summary
  3. Successfully Upgraded IP Components
  4. IP Upgrade Messages



----------------
; Legal Notice ;
----------------
Copyright (C) 2018  Intel Corporation. All rights reserved.
Your use of Intel Corporation's design tools, logic functions 
and other software and tools, and its AMPP partner logic 
functions, and any output files from any of the foregoing 
(including device programming or simulation files), and any 
associated documentation or information are expressly subject 
to the terms and conditions of the Intel Program License 
Subscription Agreement, the Intel Quartus Prime License Agreement,
the Intel FPGA IP License Agreement, or other applicable license
agreement, including, without limitation, that your use is for
the sole purpose of programming logic devices manufactured by
Intel and sold by Intel or its authorized distributors.  Please
refer to the applicable agreement for further details.



+----------------------------------------------------------------------------+
; IP Upgrade Summary                                                         ;
+------------------------------+---------------------------------------------+
; IP Components Upgrade Status ; Passed - Fri Oct 19 08:10:25 2018           ;
; Quartus Prime Version        ; 18.1.0 Build 625 09/12/2018 SJ Lite Edition ;
; Revision Name                ; CANDY_AVB                                   ;
; Top-level Entity Name        ; CANDY_AVB                                   ;
; Family                       ; MAX 10                                      ;
+------------------------------+---------------------------------------------+


+-----------------------------------------------------------------------------------------------------------------------------------------------------------------------------------------------------+
; Successfully Upgraded IP Components                                                                                                                                                                 ;
+---------------------+----------------+---------+-------------------------------------------------------+--------------------------+-------------------------------------------------------+---------+
; Entity Name         ; Component Name ; Version ; Original Source File                                  ; Generation File Path     ; New Source File                                       ; Message ;
+---------------------+----------------+---------+-------------------------------------------------------+--------------------------+-------------------------------------------------------+---------+
; candy_avb_test_qsys ; Qsys           ; 18.0    ; candy_avb_test_qsys/synthesis/candy_avb_test_qsys.qip ; candy_avb_test_qsys.qsys ; candy_avb_test_qsys/synthesis/candy_avb_test_qsys.qip ;         ;
+---------------------+----------------+---------+-------------------------------------------------------+--------------------------+-------------------------------------------------------+---------+


+---------------------+
; IP Upgrade Messages ;
+---------------------+
Info (11902): Backing up file "candy_avb_test_qsys.qsys" to "candy_avb_test_qsys.BAK.qsys"
Info (11902): Backing up file "candy_avb_test_qsys/synthesis/candy_avb_test_qsys.v" to "candy_avb_test_qsys.BAK.v"
Info (11837): Started upgrading IP component Qsys with file "candy_avb_test_qsys.qsys"
Info: 2018.10.19.08:08:47 Info: Starting to upgrade the IP cores in the Platform Designer system
Info: 2018.10.19.08:08:47 Info: Finished upgrading the ip cores
Info: 2018.10.19.08:09:00 Info: Saving generation log to C:/Users/shun/Desktop/IntelFPGA/CANDY_AVB/candy_avb_test_qsys
Info: 2018.10.19.08:09:00 Info: Starting: Create simulation model
Info: 2018.10.19.08:09:00 Info: qsys-generate C:\Users\shun\Desktop\IntelFPGA\CANDY_AVB\candy_avb_test_qsys.qsys --simulation=VERILOG --allow-mixed-language-simulation --output-directory=C:\Users\shun\Desktop\IntelFPGA\CANDY_AVB\candy_avb_test_qsys\simulation --family="MAX 10" --part=10M08SAU169C8G
Info: 2018.10.19.08:09:00 Info: Loading CANDY_AVB
Info: 2018.10.19.08:09:01 Info: Reading input file
Info: 2018.10.19.08:09:01 Info: Adding clk_0 [clock_source 18.1]
Info: 2018.10.19.08:09:01 Info: Parameterizing module clk_0
Info: 2018.10.19.08:09:01 Info: Adding jtag_uart_0 [altera_avalon_jtag_uart 18.1]
Info: 2018.10.19.08:09:01 Info: Parameterizing module jtag_uart_0
Info: 2018.10.19.08:09:01 Info: Adding nios2_gen2_0 [altera_nios2_gen2 18.1]
Info: 2018.10.19.08:09:01 Info: Parameterizing module nios2_gen2_0
Info: 2018.10.19.08:09:01 Info: Adding onchip_memory2_0 [altera_avalon_onchip_memory2 18.1]
Info: 2018.10.19.08:09:01 Info: Parameterizing module onchip_memory2_0
Info: 2018.10.19.08:09:01 Info: Adding pio_0 [altera_avalon_pio 18.1]
Info: 2018.10.19.08:09:01 Info: Parameterizing module pio_0
Info: 2018.10.19.08:09:01 Info: Adding sysid_qsys_0 [altera_avalon_sysid_qsys 18.1]
Info: 2018.10.19.08:09:01 Info: Parameterizing module sysid_qsys_0
Info: 2018.10.19.08:09:01 Info: Building connections
Info: 2018.10.19.08:09:01 Info: Parameterizing connections
Info: 2018.10.19.08:09:01 Info: Validating
Info: 2018.10.19.08:09:01 Info: Done reading input file
Info: 2018.10.19.08:09:03 Info: candy_avb_test_qsys.jtag_uart_0: JTAG UART IP input clock need to be at least double (2x) the operating frequency of JTAG TCK on board
Info: 2018.10.19.08:09:03 Info: candy_avb_test_qsys.sysid_qsys_0: System ID is not assigned automatically. Edit the System ID parameter to provide a unique ID
Info: 2018.10.19.08:09:03 Info: candy_avb_test_qsys.sysid_qsys_0: Time stamp will be automatically updated when this component is generated.
Info: 2018.10.19.08:09:03 Info: candy_avb_test_qsys: Generating candy_avb_test_qsys "candy_avb_test_qsys" for SIM_VERILOG
Info: 2018.10.19.08:09:10 Info: jtag_uart_0: Starting RTL generation for module 'candy_avb_test_qsys_jtag_uart_0'
Info: 2018.10.19.08:09:10 Info: jtag_uart_0:   Generation command is [exec C:/intelfpga_lite/18.1/quartus/bin64/perl/bin/perl.exe -I C:/intelfpga_lite/18.1/quartus/bin64/perl/lib -I C:/intelfpga_lite/18.1/quartus/sopc_builder/bin/europa -I C:/intelfpga_lite/18.1/quartus/sopc_builder/bin/perl_lib -I C:/intelfpga_lite/18.1/quartus/sopc_builder/bin -I C:/intelfpga_lite/18.1/quartus/../ip/altera/sopc_builder_ip/common -I C:/intelfpga_lite/18.1/quartus/../ip/altera/sopc_builder_ip/altera_avalon_jtag_uart -- C:/intelfpga_lite/18.1/quartus/../ip/altera/sopc_builder_ip/altera_avalon_jtag_uart/generate_rtl.pl --name=candy_avb_test_qsys_jtag_uart_0 --dir=C:/Users/shun/AppData/Local/Temp/alt7822_3220958564300423716.dir/0002_jtag_uart_0_gen/ --quartus_dir=C:/intelfpga_lite/18.1/quartus --verilog --config=C:/Users/shun/AppData/Local/Temp/alt7822_3220958564300423716.dir/0002_jtag_uart_0_gen//candy_avb_test_qsys_jtag_uart_0_component_configuration.pl  --do_build_sim=1    --sim_dir=C:/Users/shun/AppData/Local/Temp/alt7822_3220958564300423716.dir/0002_jtag_uart_0_gen
Info: 2018.10.19.08:09:10 Info: jtag_uart_0: Done RTL generation for module 'candy_avb_test_qsys_jtag_uart_0'
Info: 2018.10.19.08:09:10 Info: jtag_uart_0: "candy_avb_test_qsys" instantiated altera_avalon_jtag_uart "jtag_uart_0"
Info: 2018.10.19.08:09:11 Info: nios2_gen2_0: "candy_avb_test_qsys" instantiated altera_nios2_gen2 "nios2_gen2_0"
Info: 2018.10.19.08:09:11 Info: onchip_memory2_0: Starting RTL generation for module 'candy_avb_test_qsys_onchip_memory2_0'
Info: 2018.10.19.08:09:11 Info: onchip_memory2_0:   Generation command is [exec C:/intelfpga_lite/18.1/quartus/bin64/perl/bin/perl.exe -I C:/intelfpga_lite/18.1/quartus/bin64/perl/lib -I C:/intelfpga_lite/18.1/quartus/sopc_builder/bin/europa -I C:/intelfpga_lite/18.1/quartus/sopc_builder/bin/perl_lib -I C:/intelfpga_lite/18.1/quartus/sopc_builder/bin -I C:/intelfpga_lite/18.1/quartus/../ip/altera/sopc_builder_ip/common -I C:/intelfpga_lite/18.1/quartus/../ip/altera/sopc_builder_ip/altera_avalon_onchip_memory2 -- C:/intelfpga_lite/18.1/quartus/../ip/altera/sopc_builder_ip/altera_avalon_onchip_memory2/generate_rtl.pl --name=candy_avb_test_qsys_onchip_memory2_0 --dir=C:/Users/shun/AppData/Local/Temp/alt7822_3220958564300423716.dir/0003_onchip_memory2_0_gen/ --quartus_dir=C:/intelfpga_lite/18.1/quartus --verilog --config=C:/Users/shun/AppData/Local/Temp/alt7822_3220958564300423716.dir/0003_onchip_memory2_0_gen//candy_avb_test_qsys_onchip_memory2_0_component_configuration.pl  --do_build_sim=1    --sim_dir=C:/Users/shun/AppData/Local/Temp/alt7822_3220958564300423716.dir/0003_onchip_memory2_0_gen
Info: 2018.10.19.08:09:11 Info: onchip_memory2_0: Done RTL generation for module 'candy_avb_test_qsys_onchip_memory2_0'
Info: 2018.10.19.08:09:11 Info: onchip_memory2_0: "candy_avb_test_qsys" instantiated altera_avalon_onchip_memory2 "onchip_memory2_0"
Info: 2018.10.19.08:09:11 Info: pio_0: Starting RTL generation for module 'candy_avb_test_qsys_pio_0'
Info: 2018.10.19.08:09:11 Info: pio_0:   Generation command is [exec C:/intelfpga_lite/18.1/quartus/bin64/perl/bin/perl.exe -I C:/intelfpga_lite/18.1/quartus/bin64/perl/lib -I C:/intelfpga_lite/18.1/quartus/sopc_builder/bin/europa -I C:/intelfpga_lite/18.1/quartus/sopc_builder/bin/perl_lib -I C:/intelfpga_lite/18.1/quartus/sopc_builder/bin -I C:/intelfpga_lite/18.1/quartus/../ip/altera/sopc_builder_ip/common -I C:/intelfpga_lite/18.1/quartus/../ip/altera/sopc_builder_ip/altera_avalon_pio -- C:/intelfpga_lite/18.1/quartus/../ip/altera/sopc_builder_ip/altera_avalon_pio/generate_rtl.pl --name=candy_avb_test_qsys_pio_0 --dir=C:/Users/shun/AppData/Local/Temp/alt7822_3220958564300423716.dir/0004_pio_0_gen/ --quartus_dir=C:/intelfpga_lite/18.1/quartus --verilog --config=C:/Users/shun/AppData/Local/Temp/alt7822_3220958564300423716.dir/0004_pio_0_gen//candy_avb_test_qsys_pio_0_component_configuration.pl  --do_build_sim=1    --sim_dir=C:/Users/shun/AppData/Local/Temp/alt7822_3220958564300423716.dir/0004_pio_0_gen
Info: 2018.10.19.08:09:11 Info: pio_0: Done RTL generation for module 'candy_avb_test_qsys_pio_0'
Info: 2018.10.19.08:09:11 Info: pio_0: "candy_avb_test_qsys" instantiated altera_avalon_pio "pio_0"
Info: 2018.10.19.08:09:11 Info: sysid_qsys_0: "candy_avb_test_qsys" instantiated altera_avalon_sysid_qsys "sysid_qsys_0"
Info: 2018.10.19.08:09:14 Info: avalon_st_adapter: Inserting error_adapter: error_adapter_0
Info: 2018.10.19.08:09:15 Info: avalon_st_adapter_001: Inserting error_adapter: error_adapter_0
Info: 2018.10.19.08:09:15 Info: avalon_st_adapter_002: Inserting error_adapter: error_adapter_0
Info: 2018.10.19.08:09:15 Info: avalon_st_adapter_003: Inserting error_adapter: error_adapter_0
Info: 2018.10.19.08:09:16 Info: avalon_st_adapter_004: Inserting error_adapter: error_adapter_0
Info: 2018.10.19.08:09:18 Info: mm_interconnect_0: "candy_avb_test_qsys" instantiated altera_mm_interconnect "mm_interconnect_0"
Info: 2018.10.19.08:09:18 Info: irq_mapper: "candy_avb_test_qsys" instantiated altera_irq_mapper "irq_mapper"
Info: 2018.10.19.08:09:18 Info: rst_controller: "candy_avb_test_qsys" instantiated altera_reset_controller "rst_controller"
Info: 2018.10.19.08:09:18 Info: cpu: Starting RTL generation for module 'candy_avb_test_qsys_nios2_gen2_0_cpu'
Info: 2018.10.19.08:09:18 Info: cpu:   Generation command is [exec C:/intelFPGA_lite/18.1/quartus/bin64//eperlcmd.exe -I C:/intelFPGA_lite/18.1/quartus/bin64//perl/lib -I C:/intelfpga_lite/18.1/quartus/sopc_builder/bin/europa -I C:/intelfpga_lite/18.1/quartus/sopc_builder/bin/perl_lib -I C:/intelfpga_lite/18.1/quartus/sopc_builder/bin -I C:/intelfpga_lite/18.1/quartus/../ip/altera/nios2_ip/altera_nios2_gen2/cpu_lib -I C:/intelfpga_lite/18.1/quartus/../ip/altera/nios2_ip/altera_nios2_gen2/nios_lib -I C:/intelfpga_lite/18.1/quartus/../ip/altera/nios2_ip/altera_nios2_gen2 -I C:/intelfpga_lite/18.1/quartus/../ip/altera/nios2_ip/altera_nios2_gen2 -- C:/intelfpga_lite/18.1/quartus/../ip/altera/nios2_ip/altera_nios2_gen2/generate_rtl.epl --name=candy_avb_test_qsys_nios2_gen2_0_cpu --dir=C:/Users/shun/AppData/Local/Temp/alt7822_3220958564300423716.dir/0008_cpu_gen/ --quartus_bindir=C:/intelFPGA_lite/18.1/quartus/bin64/ --verilog --config=C:/Users/shun/AppData/Local/Temp/alt7822_3220958564300423716.dir/0008_cpu_gen//candy_avb_test_qsys_nios2_gen2_0_cpu_processor_configuration.pl  --do_build_sim=1    --sim_dir=C:/Users/shun/AppData/Local/Temp/alt7822_3220958564300423716.dir/0008_cpu_gen
Info: 2018.10.19.08:09:50 Info: cpu: # 2018.10.19 08:09:19 (*) Starting Nios II generation
Info: 2018.10.19.08:09:50 Info: cpu: # 2018.10.19 08:09:19 (*)   Checking for plaintext license.
Info: 2018.10.19.08:09:50 Info: cpu: # 2018.10.19 08:09:20 (*)   Couldn't query license setup in Quartus directory C:/intelFPGA_lite/18.1/quartus/bin64
Info: 2018.10.19.08:09:50 Info: cpu: # 2018.10.19 08:09:20 (*)   Defaulting to contents of LM_LICENSE_FILE environment variable
Info: 2018.10.19.08:09:50 Info: cpu: # 2018.10.19 08:09:20 (*)   LM_LICENSE_FILE environment variable is empty
Info: 2018.10.19.08:09:50 Info: cpu: # 2018.10.19 08:09:20 (*)   Plaintext license not found.
Info: 2018.10.19.08:09:50 Info: cpu: # 2018.10.19 08:09:20 (*)   Checking for encrypted license (non-evaluation).
Info: 2018.10.19.08:09:50 Info: cpu: # 2018.10.19 08:09:21 (*)   Couldn't query license setup in Quartus directory C:/intelFPGA_lite/18.1/quartus/bin64
Info: 2018.10.19.08:09:50 Info: cpu: # 2018.10.19 08:09:21 (*)   Defaulting to contents of LM_LICENSE_FILE environment variable
Info: 2018.10.19.08:09:50 Info: cpu: # 2018.10.19 08:09:21 (*)   LM_LICENSE_FILE environment variable is empty
Info: 2018.10.19.08:09:50 Info: cpu: # 2018.10.19 08:09:21 (*)   Encrypted license not found.  Defaulting to OCP evaluation license (produces a time-limited SOF)
Info: 2018.10.19.08:09:50 Info: cpu: # 2018.10.19 08:09:21 (*)   Elaborating CPU configuration settings
Info: 2018.10.19.08:09:50 Info: cpu: # 2018.10.19 08:09:21 (*)   Creating all objects for CPU
Info: 2018.10.19.08:09:50 Info: cpu: # 2018.10.19 08:09:21 (*)     Testbench
Info: 2018.10.19.08:09:50 Info: cpu: # 2018.10.19 08:09:21 (*)     Instruction decoding
Info: 2018.10.19.08:09:50 Info: cpu: # 2018.10.19 08:09:21 (*)       Instruction fields
Info: 2018.10.19.08:09:50 Info: cpu: # 2018.10.19 08:09:21 (*)       Instruction decodes
Info: 2018.10.19.08:09:50 Info: cpu: # 2018.10.19 08:09:22 (*)       Signals for RTL simulation waveforms
Info: 2018.10.19.08:09:50 Info: cpu: # 2018.10.19 08:09:22 (*)       Instruction controls
Info: 2018.10.19.08:09:50 Info: cpu: # 2018.10.19 08:09:22 (*)     Pipeline frontend
Info: 2018.10.19.08:09:50 Info: cpu: # 2018.10.19 08:09:22 (*)     Pipeline backend
Info: 2018.10.19.08:09:50 Info: cpu: # 2018.10.19 08:09:26 (*)   Creating 'C:/Users/shun/AppData/Local/Temp/alt7822_3220958564300423716.dir/0008_cpu_gen/
Info: 2018.10.19.08:09:50 Info: cpu: # 2018.10.19 08:09:26 (*)   Generating RTL from CPU objects
Info: 2018.10.19.08:09:50 Info: cpu: # 2018.10.19 08:09:28 (*)   Creating encrypted RTL
Info: 2018.10.19.08:09:50 Info: cpu: # 2018.10.19 08:09:28 (*)   Creating IP functional simulation model
Info: 2018.10.19.08:09:50 Info: cpu: # 2018.10.19 08:09:50 (*) Done Nios II generation
Info: 2018.10.19.08:09:50 Info: cpu: Done RTL generation for module 'candy_avb_test_qsys_nios2_gen2_0_cpu'
Info: 2018.10.19.08:09:50 Info: cpu: "nios2_gen2_0" instantiated altera_nios2_gen2_unit "cpu"
Info: 2018.10.19.08:09:51 Info: nios2_gen2_0_data_master_translator: "mm_interconnect_0" instantiated altera_merlin_master_translator "nios2_gen2_0_data_master_translator"
Info: 2018.10.19.08:09:51 Info: jtag_uart_0_avalon_jtag_slave_translator: "mm_interconnect_0" instantiated altera_merlin_slave_translator "jtag_uart_0_avalon_jtag_slave_translator"
Info: 2018.10.19.08:09:51 Info: nios2_gen2_0_data_master_agent: "mm_interconnect_0" instantiated altera_merlin_master_agent "nios2_gen2_0_data_master_agent"
Info: 2018.10.19.08:09:51 Info: jtag_uart_0_avalon_jtag_slave_agent: "mm_interconnect_0" instantiated altera_merlin_slave_agent "jtag_uart_0_avalon_jtag_slave_agent"
Info: 2018.10.19.08:09:51 Info: jtag_uart_0_avalon_jtag_slave_agent_rsp_fifo: "mm_interconnect_0" instantiated altera_avalon_sc_fifo "jtag_uart_0_avalon_jtag_slave_agent_rsp_fifo"
Info: 2018.10.19.08:09:51 Info: router: "mm_interconnect_0" instantiated altera_merlin_router "router"
Info: 2018.10.19.08:09:51 Info: router_001: "mm_interconnect_0" instantiated altera_merlin_router "router_001"
Info: 2018.10.19.08:09:51 Info: router_002: "mm_interconnect_0" instantiated altera_merlin_router "router_002"
Info: 2018.10.19.08:09:51 Info: router_004: "mm_interconnect_0" instantiated altera_merlin_router "router_004"
Info: 2018.10.19.08:09:51 Info: nios2_gen2_0_data_master_limiter: "mm_interconnect_0" instantiated altera_merlin_traffic_limiter "nios2_gen2_0_data_master_limiter"
Info: 2018.10.19.08:09:51 Info: Reusing file C:/Users/shun/Desktop/IntelFPGA/CANDY_AVB/candy_avb_test_qsys/simulation/submodules
Info: 2018.10.19.08:09:51 Info: cmd_demux: "mm_interconnect_0" instantiated altera_merlin_demultiplexer "cmd_demux"
Info: 2018.10.19.08:09:51 Info: cmd_demux_001: "mm_interconnect_0" instantiated altera_merlin_demultiplexer "cmd_demux_001"
Info: 2018.10.19.08:09:51 Info: cmd_mux: "mm_interconnect_0" instantiated altera_merlin_multiplexer "cmd_mux"
Info: 2018.10.19.08:09:51 Info: cmd_mux_002: "mm_interconnect_0" instantiated altera_merlin_multiplexer "cmd_mux_002"
Info: 2018.10.19.08:09:51 Info: Reusing file C:/Users/shun/Desktop/IntelFPGA/CANDY_AVB/candy_avb_test_qsys/simulation/submodules
Info: 2018.10.19.08:09:51 Info: rsp_demux: "mm_interconnect_0" instantiated altera_merlin_demultiplexer "rsp_demux"
Info: 2018.10.19.08:09:51 Info: rsp_demux_002: "mm_interconnect_0" instantiated altera_merlin_demultiplexer "rsp_demux_002"
Info: 2018.10.19.08:09:51 Info: rsp_mux: "mm_interconnect_0" instantiated altera_merlin_multiplexer "rsp_mux"
Info: 2018.10.19.08:09:51 Info: Reusing file C:/Users/shun/Desktop/IntelFPGA/CANDY_AVB/candy_avb_test_qsys/simulation/submodules
Info: 2018.10.19.08:09:51 Info: rsp_mux_001: "mm_interconnect_0" instantiated altera_merlin_multiplexer "rsp_mux_001"
Info: 2018.10.19.08:09:51 Info: Reusing file C:/Users/shun/Desktop/IntelFPGA/CANDY_AVB/candy_avb_test_qsys/simulation/submodules
Info: 2018.10.19.08:09:52 Info: avalon_st_adapter: "mm_interconnect_0" instantiated altera_avalon_st_adapter "avalon_st_adapter"
Info: 2018.10.19.08:09:52 Info: error_adapter_0: "avalon_st_adapter" instantiated error_adapter "error_adapter_0"
Info: 2018.10.19.08:09:52 Info: candy_avb_test_qsys: Done "candy_avb_test_qsys" with 30 modules, 61 files
Info: 2018.10.19.08:09:52 Info: qsys-generate succeeded.
Info: 2018.10.19.08:09:52 Info: Finished: Create simulation model
Info: 2018.10.19.08:09:52 Info: Starting: Create Modelsim Project.
Info: 2018.10.19.08:09:52 Info: sim-script-gen --spd=C:\Users\shun\Desktop\IntelFPGA\CANDY_AVB\candy_avb_test_qsys\candy_avb_test_qsys.spd --output-directory=C:/Users/shun/Desktop/IntelFPGA/CANDY_AVB/candy_avb_test_qsys/simulation
Info: 2018.10.19.08:09:52 Info: Doing: ip-make-simscript --spd=C:\Users\shun\Desktop\IntelFPGA\CANDY_AVB\candy_avb_test_qsys\candy_avb_test_qsys.spd --output-directory=C:/Users/shun/Desktop/IntelFPGA/CANDY_AVB/candy_avb_test_qsys/simulation
Info: 2018.10.19.08:09:53 Info: Generating the following file(s) for MODELSIM simulator in C:/Users/shun/Desktop/IntelFPGA/CANDY_AVB/candy_avb_test_qsys/simulation
Info: 2018.10.19.08:09:53 Info:     mentor
Info: 2018.10.19.08:09:53 Info: Generating the following file(s) for VCS simulator in C:/Users/shun/Desktop/IntelFPGA/CANDY_AVB/candy_avb_test_qsys/simulation
Info: 2018.10.19.08:09:53 Info:     synopsys/vcs
Info: 2018.10.19.08:09:53 Info: Generating the following file(s) for VCSMX simulator in C:/Users/shun/Desktop/IntelFPGA/CANDY_AVB/candy_avb_test_qsys/simulation
Info: 2018.10.19.08:09:53 Info:     synopsys/vcsmx
Info: 2018.10.19.08:09:53 Info:     synopsys/vcsmx
Info: 2018.10.19.08:09:53 Info: Generating the following file(s) for NCSIM simulator in C:/Users/shun/Desktop/IntelFPGA/CANDY_AVB/candy_avb_test_qsys/simulation
Info: 2018.10.19.08:09:53 Info:     cadence
Info: 2018.10.19.08:09:54 Info:     cadence
Info: 2018.10.19.08:09:54 Info:     cadence
Info: 2018.10.19.08:09:54 Info:     29 .cds.lib files in cadence/cds_libs
Info: 2018.10.19.08:09:54 Info: Generating the following file(s) for RIVIERA simulator in C:/Users/shun/Desktop/IntelFPGA/CANDY_AVB/candy_avb_test_qsys/simulation
Info: 2018.10.19.08:09:54 Info:     aldec
Info: 2018.10.19.08:09:54 Info: For information on how to simulate your IP, see the explanatory comments in the simulator-specific subdirectories under C:/Users/shun/Desktop/IntelFPGA/CANDY_AVB/candy_avb_test_qsys/simulation
Info: 2018.10.19.08:09:54 Info: Regenerate these scripts whenever you make any change to any Quartus-generated IP in your project.
Info: 2018.10.19.08:09:54 Info: Finished: Create Modelsim Project.
Info: 2018.10.19.08:09:54 Info: Starting: Create block symbol file (.bsf)
Info: 2018.10.19.08:09:54 Info: qsys-generate C:\Users\shun\Desktop\IntelFPGA\CANDY_AVB\candy_avb_test_qsys.qsys --block-symbol-file --output-directory=C:\Users\shun\Desktop\IntelFPGA\CANDY_AVB\candy_avb_test_qsys --family="MAX 10" --part=10M08SAU169C8G
Info: 2018.10.19.08:09:54 Info: Loading CANDY_AVB
Info: 2018.10.19.08:09:54 Info: Reading input file
Info: 2018.10.19.08:09:54 Info: Adding clk_0 [clock_source 18.1]
Info: 2018.10.19.08:09:54 Info: Parameterizing module clk_0
Info: 2018.10.19.08:09:54 Info: Adding jtag_uart_0 [altera_avalon_jtag_uart 18.1]
Info: 2018.10.19.08:09:54 Info: Parameterizing module jtag_uart_0
Info: 2018.10.19.08:09:54 Info: Adding nios2_gen2_0 [altera_nios2_gen2 18.1]
Info: 2018.10.19.08:09:54 Info: Parameterizing module nios2_gen2_0
Info: 2018.10.19.08:09:54 Info: Adding onchip_memory2_0 [altera_avalon_onchip_memory2 18.1]
Info: 2018.10.19.08:09:54 Info: Parameterizing module onchip_memory2_0
Info: 2018.10.19.08:09:54 Info: Adding pio_0 [altera_avalon_pio 18.1]
Info: 2018.10.19.08:09:54 Info: Parameterizing module pio_0
Info: 2018.10.19.08:09:54 Info: Adding sysid_qsys_0 [altera_avalon_sysid_qsys 18.1]
Info: 2018.10.19.08:09:54 Info: Parameterizing module sysid_qsys_0
Info: 2018.10.19.08:09:54 Info: Building connections
Info: 2018.10.19.08:09:54 Info: Parameterizing connections
Info: 2018.10.19.08:09:54 Info: Validating
Info: 2018.10.19.08:09:55 Info: Done reading input file
Info: 2018.10.19.08:09:56 Info: candy_avb_test_qsys.jtag_uart_0: JTAG UART IP input clock need to be at least double (2x) the operating frequency of JTAG TCK on board
Info: 2018.10.19.08:09:56 Info: candy_avb_test_qsys.sysid_qsys_0: System ID is not assigned automatically. Edit the System ID parameter to provide a unique ID
Info: 2018.10.19.08:09:56 Info: candy_avb_test_qsys.sysid_qsys_0: Time stamp will be automatically updated when this component is generated.
Info: 2018.10.19.08:09:56 Info: qsys-generate succeeded.
Info: 2018.10.19.08:09:56 Info: Finished: Create block symbol file (.bsf)
Info: 2018.10.19.08:09:56 Info:
Info: 2018.10.19.08:09:56 Info: Starting: Create HDL design files for synthesis
Info: 2018.10.19.08:09:56 Info: qsys-generate C:\Users\shun\Desktop\IntelFPGA\CANDY_AVB\candy_avb_test_qsys.qsys --synthesis=VERILOG --output-directory=C:\Users\shun\Desktop\IntelFPGA\CANDY_AVB\candy_avb_test_qsys\synthesis --family="MAX 10" --part=10M08SAU169C8G
Info: 2018.10.19.08:09:56 Info: Loading CANDY_AVB
Info: 2018.10.19.08:09:56 Info: Reading input file
Info: 2018.10.19.08:09:56 Info: Adding clk_0 [clock_source 18.1]
Info: 2018.10.19.08:09:56 Info: Parameterizing module clk_0
Info: 2018.10.19.08:09:56 Info: Adding jtag_uart_0 [altera_avalon_jtag_uart 18.1]
Info: 2018.10.19.08:09:56 Info: Parameterizing module jtag_uart_0
Info: 2018.10.19.08:09:56 Info: Adding nios2_gen2_0 [altera_nios2_gen2 18.1]
Info: 2018.10.19.08:09:56 Info: Parameterizing module nios2_gen2_0
Info: 2018.10.19.08:09:56 Info: Adding onchip_memory2_0 [altera_avalon_onchip_memory2 18.1]
Info: 2018.10.19.08:09:56 Info: Parameterizing module onchip_memory2_0
Info: 2018.10.19.08:09:56 Info: Adding pio_0 [altera_avalon_pio 18.1]
Info: 2018.10.19.08:09:56 Info: Parameterizing module pio_0
Info: 2018.10.19.08:09:56 Info: Adding sysid_qsys_0 [altera_avalon_sysid_qsys 18.1]
Info: 2018.10.19.08:09:56 Info: Parameterizing module sysid_qsys_0
Info: 2018.10.19.08:09:56 Info: Building connections
Info: 2018.10.19.08:09:56 Info: Parameterizing connections
Info: 2018.10.19.08:09:56 Info: Validating
Info: 2018.10.19.08:09:57 Info: Done reading input file
Info: 2018.10.19.08:09:58 Info: candy_avb_test_qsys.jtag_uart_0: JTAG UART IP input clock need to be at least double (2x) the operating frequency of JTAG TCK on board
Info: 2018.10.19.08:09:58 Info: candy_avb_test_qsys.sysid_qsys_0: System ID is not assigned automatically. Edit the System ID parameter to provide a unique ID
Info: 2018.10.19.08:09:58 Info: candy_avb_test_qsys.sysid_qsys_0: Time stamp will be automatically updated when this component is generated.
Info: 2018.10.19.08:09:58 Info: candy_avb_test_qsys: Generating candy_avb_test_qsys "candy_avb_test_qsys" for QUARTUS_SYNTH
Info: 2018.10.19.08:10:04 Info: jtag_uart_0: Starting RTL generation for module 'candy_avb_test_qsys_jtag_uart_0'
Info: 2018.10.19.08:10:04 Info: jtag_uart_0:   Generation command is [exec C:/intelfpga_lite/18.1/quartus/bin64/perl/bin/perl.exe -I C:/intelfpga_lite/18.1/quartus/bin64/perl/lib -I C:/intelfpga_lite/18.1/quartus/sopc_builder/bin/europa -I C:/intelfpga_lite/18.1/quartus/sopc_builder/bin/perl_lib -I C:/intelfpga_lite/18.1/quartus/sopc_builder/bin -I C:/intelfpga_lite/18.1/quartus/../ip/altera/sopc_builder_ip/common -I C:/intelfpga_lite/18.1/quartus/../ip/altera/sopc_builder_ip/altera_avalon_jtag_uart -- C:/intelfpga_lite/18.1/quartus/../ip/altera/sopc_builder_ip/altera_avalon_jtag_uart/generate_rtl.pl --name=candy_avb_test_qsys_jtag_uart_0 --dir=C:/Users/shun/AppData/Local/Temp/alt7822_3220958564300423716.dir/0029_jtag_uart_0_gen/ --quartus_dir=C:/intelfpga_lite/18.1/quartus --verilog --config=C:/Users/shun/AppData/Local/Temp/alt7822_3220958564300423716.dir/0029_jtag_uart_0_gen/
Info: 2018.10.19.08:10:04 Info: jtag_uart_0: Done RTL generation for module 'candy_avb_test_qsys_jtag_uart_0'
Info: 2018.10.19.08:10:04 Info: jtag_uart_0: "candy_avb_test_qsys" instantiated altera_avalon_jtag_uart "jtag_uart_0"
Info: 2018.10.19.08:10:05 Info: nios2_gen2_0: "candy_avb_test_qsys" instantiated altera_nios2_gen2 "nios2_gen2_0"
Info: 2018.10.19.08:10:05 Info: onchip_memory2_0: Starting RTL generation for module 'candy_avb_test_qsys_onchip_memory2_0'
Info: 2018.10.19.08:10:05 Info: onchip_memory2_0:   Generation command is [exec C:/intelfpga_lite/18.1/quartus/bin64/perl/bin/perl.exe -I C:/intelfpga_lite/18.1/quartus/bin64/perl/lib -I C:/intelfpga_lite/18.1/quartus/sopc_builder/bin/europa -I C:/intelfpga_lite/18.1/quartus/sopc_builder/bin/perl_lib -I C:/intelfpga_lite/18.1/quartus/sopc_builder/bin -I C:/intelfpga_lite/18.1/quartus/../ip/altera/sopc_builder_ip/common -I C:/intelfpga_lite/18.1/quartus/../ip/altera/sopc_builder_ip/altera_avalon_onchip_memory2 -- C:/intelfpga_lite/18.1/quartus/../ip/altera/sopc_builder_ip/altera_avalon_onchip_memory2/generate_rtl.pl --name=candy_avb_test_qsys_onchip_memory2_0 --dir=C:/Users/shun/AppData/Local/Temp/alt7822_3220958564300423716.dir/0030_onchip_memory2_0_gen/ --quartus_dir=C:/intelfpga_lite/18.1/quartus --verilog --config=C:/Users/shun/AppData/Local/Temp/alt7822_3220958564300423716.dir/0030_onchip_memory2_0_gen/
Info: 2018.10.19.08:10:05 Info: onchip_memory2_0: Done RTL generation for module 'candy_avb_test_qsys_onchip_memory2_0'
Info: 2018.10.19.08:10:05 Info: onchip_memory2_0: "candy_avb_test_qsys" instantiated altera_avalon_onchip_memory2 "onchip_memory2_0"
Info: 2018.10.19.08:10:05 Info: pio_0: Starting RTL generation for module 'candy_avb_test_qsys_pio_0'
Info: 2018.10.19.08:10:05 Info: pio_0:   Generation command is [exec C:/intelfpga_lite/18.1/quartus/bin64/perl/bin/perl.exe -I C:/intelfpga_lite/18.1/quartus/bin64/perl/lib -I C:/intelfpga_lite/18.1/quartus/sopc_builder/bin/europa -I C:/intelfpga_lite/18.1/quartus/sopc_builder/bin/perl_lib -I C:/intelfpga_lite/18.1/quartus/sopc_builder/bin -I C:/intelfpga_lite/18.1/quartus/../ip/altera/sopc_builder_ip/common -I C:/intelfpga_lite/18.1/quartus/../ip/altera/sopc_builder_ip/altera_avalon_pio -- C:/intelfpga_lite/18.1/quartus/../ip/altera/sopc_builder_ip/altera_avalon_pio/generate_rtl.pl --name=candy_avb_test_qsys_pio_0 --dir=C:/Users/shun/AppData/Local/Temp/alt7822_3220958564300423716.dir/0031_pio_0_gen/ --quartus_dir=C:/intelfpga_lite/18.1/quartus --verilog --config=C:/Users/shun/AppData/Local/Temp/alt7822_3220958564300423716.dir/0031_pio_0_gen/
Info: 2018.10.19.08:10:06 Info: pio_0: Done RTL generation for module 'candy_avb_test_qsys_pio_0'
Info: 2018.10.19.08:10:06 Info: pio_0: "candy_avb_test_qsys" instantiated altera_avalon_pio "pio_0"
Info: 2018.10.19.08:10:06 Info: sysid_qsys_0: "candy_avb_test_qsys" instantiated altera_avalon_sysid_qsys "sysid_qsys_0"
Info: 2018.10.19.08:10:09 Info: avalon_st_adapter: Inserting error_adapter: error_adapter_0
Info: 2018.10.19.08:10:09 Info: avalon_st_adapter_001: Inserting error_adapter: error_adapter_0
Info: 2018.10.19.08:10:10 Info: avalon_st_adapter_002: Inserting error_adapter: error_adapter_0
Info: 2018.10.19.08:10:10 Info: avalon_st_adapter_003: Inserting error_adapter: error_adapter_0
Info: 2018.10.19.08:10:10 Info: avalon_st_adapter_004: Inserting error_adapter: error_adapter_0
Info: 2018.10.19.08:10:13 Info: mm_interconnect_0: "candy_avb_test_qsys" instantiated altera_mm_interconnect "mm_interconnect_0"
Info: 2018.10.19.08:10:13 Info: irq_mapper: "candy_avb_test_qsys" instantiated altera_irq_mapper "irq_mapper"
Info: 2018.10.19.08:10:13 Info: rst_controller: "candy_avb_test_qsys" instantiated altera_reset_controller "rst_controller"
Info: 2018.10.19.08:10:13 Info: cpu: Starting RTL generation for module 'candy_avb_test_qsys_nios2_gen2_0_cpu'
Info: 2018.10.19.08:10:13 Info: cpu:   Generation command is [exec C:/intelFPGA_lite/18.1/quartus/bin64//eperlcmd.exe -I C:/intelFPGA_lite/18.1/quartus/bin64//perl/lib -I C:/intelfpga_lite/18.1/quartus/sopc_builder/bin/europa -I C:/intelfpga_lite/18.1/quartus/sopc_builder/bin/perl_lib -I C:/intelfpga_lite/18.1/quartus/sopc_builder/bin -I C:/intelfpga_lite/18.1/quartus/../ip/altera/nios2_ip/altera_nios2_gen2/cpu_lib -I C:/intelfpga_lite/18.1/quartus/../ip/altera/nios2_ip/altera_nios2_gen2/nios_lib -I C:/intelfpga_lite/18.1/quartus/../ip/altera/nios2_ip/altera_nios2_gen2 -I C:/intelfpga_lite/18.1/quartus/../ip/altera/nios2_ip/altera_nios2_gen2 -- C:/intelfpga_lite/18.1/quartus/../ip/altera/nios2_ip/altera_nios2_gen2/generate_rtl.epl --name=candy_avb_test_qsys_nios2_gen2_0_cpu --dir=C:/Users/shun/AppData/Local/Temp/alt7822_3220958564300423716.dir/0035_cpu_gen/ --quartus_bindir=C:/intelFPGA_lite/18.1/quartus/bin64/ --verilog --config=C:/Users/shun/AppData/Local/Temp/alt7822_3220958564300423716.dir/0035_cpu_gen/
Info: 2018.10.19.08:10:23 Info: cpu: # 2018.10.19 08:10:14 (*) Starting Nios II generation
Info: 2018.10.19.08:10:23 Info: cpu: # 2018.10.19 08:10:14 (*)   Checking for plaintext license.
Info: 2018.10.19.08:10:23 Info: cpu: # 2018.10.19 08:10:15 (*)   Couldn't query license setup in Quartus directory C:/intelFPGA_lite/18.1/quartus/bin64
Info: 2018.10.19.08:10:23 Info: cpu: # 2018.10.19 08:10:15 (*)   Defaulting to contents of LM_LICENSE_FILE environment variable
Info: 2018.10.19.08:10:23 Info: cpu: # 2018.10.19 08:10:15 (*)   LM_LICENSE_FILE environment variable is empty
Info: 2018.10.19.08:10:23 Info: cpu: # 2018.10.19 08:10:15 (*)   Plaintext license not found.
Info: 2018.10.19.08:10:23 Info: cpu: # 2018.10.19 08:10:15 (*)   Checking for encrypted license (non-evaluation).
Info: 2018.10.19.08:10:23 Info: cpu: # 2018.10.19 08:10:16 (*)   Couldn't query license setup in Quartus directory C:/intelFPGA_lite/18.1/quartus/bin64
Info: 2018.10.19.08:10:23 Info: cpu: # 2018.10.19 08:10:16 (*)   Defaulting to contents of LM_LICENSE_FILE environment variable
Info: 2018.10.19.08:10:23 Info: cpu: # 2018.10.19 08:10:16 (*)   LM_LICENSE_FILE environment variable is empty
Info: 2018.10.19.08:10:23 Info: cpu: # 2018.10.19 08:10:16 (*)   Encrypted license not found.  Defaulting to OCP evaluation license (produces a time-limited SOF)
Info: 2018.10.19.08:10:23 Info: cpu: # 2018.10.19 08:10:16 (*)   Elaborating CPU configuration settings
Info: 2018.10.19.08:10:23 Info: cpu: # 2018.10.19 08:10:16 (*)   Creating all objects for CPU
Info: 2018.10.19.08:10:23 Info: cpu: # 2018.10.19 08:10:16 (*)     Testbench
Info: 2018.10.19.08:10:23 Info: cpu: # 2018.10.19 08:10:16 (*)     Instruction decoding
Info: 2018.10.19.08:10:23 Info: cpu: # 2018.10.19 08:10:16 (*)       Instruction fields
Info: 2018.10.19.08:10:23 Info: cpu: # 2018.10.19 08:10:16 (*)       Instruction decodes
Info: 2018.10.19.08:10:23 Info: cpu: # 2018.10.19 08:10:17 (*)       Signals for RTL simulation waveforms
Info: 2018.10.19.08:10:23 Info: cpu: # 2018.10.19 08:10:17 (*)       Instruction controls
Info: 2018.10.19.08:10:23 Info: cpu: # 2018.10.19 08:10:17 (*)     Pipeline frontend
Info: 2018.10.19.08:10:23 Info: cpu: # 2018.10.19 08:10:17 (*)     Pipeline backend
Info: 2018.10.19.08:10:23 Info: cpu: # 2018.10.19 08:10:20 (*)   Generating RTL from CPU objects
Info: 2018.10.19.08:10:23 Info: cpu: # 2018.10.19 08:10:22 (*)   Creating encrypted RTL
Info: 2018.10.19.08:10:23 Info: cpu: # 2018.10.19 08:10:23 (*) Done Nios II generation
Info: 2018.10.19.08:10:23 Info: cpu: Done RTL generation for module 'candy_avb_test_qsys_nios2_gen2_0_cpu'
Info: 2018.10.19.08:10:23 Info: cpu: "nios2_gen2_0" instantiated altera_nios2_gen2_unit "cpu"
Info: 2018.10.19.08:10:23 Info: nios2_gen2_0_data_master_translator: "mm_interconnect_0" instantiated altera_merlin_master_translator "nios2_gen2_0_data_master_translator"
Info: 2018.10.19.08:10:23 Info: jtag_uart_0_avalon_jtag_slave_translator: "mm_interconnect_0" instantiated altera_merlin_slave_translator "jtag_uart_0_avalon_jtag_slave_translator"
Info: 2018.10.19.08:10:23 Info: nios2_gen2_0_data_master_agent: "mm_interconnect_0" instantiated altera_merlin_master_agent "nios2_gen2_0_data_master_agent"
Info: 2018.10.19.08:10:23 Info: jtag_uart_0_avalon_jtag_slave_agent: "mm_interconnect_0" instantiated altera_merlin_slave_agent "jtag_uart_0_avalon_jtag_slave_agent"
Info: 2018.10.19.08:10:23 Info: jtag_uart_0_avalon_jtag_slave_agent_rsp_fifo: "mm_interconnect_0" instantiated altera_avalon_sc_fifo "jtag_uart_0_avalon_jtag_slave_agent_rsp_fifo"
Info: 2018.10.19.08:10:23 Info: router: "mm_interconnect_0" instantiated altera_merlin_router "router"
Info: 2018.10.19.08:10:24 Info: router_001: "mm_interconnect_0" instantiated altera_merlin_router "router_001"
Info: 2018.10.19.08:10:24 Info: router_002: "mm_interconnect_0" instantiated altera_merlin_router "router_002"
Info: 2018.10.19.08:10:24 Info: router_004: "mm_interconnect_0" instantiated altera_merlin_router "router_004"
Info: 2018.10.19.08:10:24 Info: nios2_gen2_0_data_master_limiter: "mm_interconnect_0" instantiated altera_merlin_traffic_limiter "nios2_gen2_0_data_master_limiter"
Info: 2018.10.19.08:10:24 Info: Reusing file C:/Users/shun/Desktop/IntelFPGA/CANDY_AVB/candy_avb_test_qsys/synthesis/submodules
Info: 2018.10.19.08:10:24 Info: cmd_demux: "mm_interconnect_0" instantiated altera_merlin_demultiplexer "cmd_demux"
Info: 2018.10.19.08:10:24 Info: cmd_demux_001: "mm_interconnect_0" instantiated altera_merlin_demultiplexer "cmd_demux_001"
Info: 2018.10.19.08:10:24 Info: cmd_mux: "mm_interconnect_0" instantiated altera_merlin_multiplexer "cmd_mux"
Info: 2018.10.19.08:10:24 Info: cmd_mux_002: "mm_interconnect_0" instantiated altera_merlin_multiplexer "cmd_mux_002"
Info: 2018.10.19.08:10:24 Info: Reusing file C:/Users/shun/Desktop/IntelFPGA/CANDY_AVB/candy_avb_test_qsys/synthesis/submodules
Info: 2018.10.19.08:10:24 Info: rsp_demux: "mm_interconnect_0" instantiated altera_merlin_demultiplexer "rsp_demux"
Info: 2018.10.19.08:10:24 Info: rsp_demux_002: "mm_interconnect_0" instantiated altera_merlin_demultiplexer "rsp_demux_002"
Info: 2018.10.19.08:10:24 Info: rsp_mux: "mm_interconnect_0" instantiated altera_merlin_multiplexer "rsp_mux"
Info: 2018.10.19.08:10:24 Info: Reusing file C:/Users/shun/Desktop/IntelFPGA/CANDY_AVB/candy_avb_test_qsys/synthesis/submodules
Info: 2018.10.19.08:10:24 Info: rsp_mux_001: "mm_interconnect_0" instantiated altera_merlin_multiplexer "rsp_mux_001"
Info: 2018.10.19.08:10:24 Info: Reusing file C:/Users/shun/Desktop/IntelFPGA/CANDY_AVB/candy_avb_test_qsys/synthesis/submodules
Info: 2018.10.19.08:10:25 Info: avalon_st_adapter: "mm_interconnect_0" instantiated altera_avalon_st_adapter "avalon_st_adapter"
Info: 2018.10.19.08:10:25 Info: error_adapter_0: "avalon_st_adapter" instantiated error_adapter "error_adapter_0"
Info: 2018.10.19.08:10:25 Info: candy_avb_test_qsys: Done "candy_avb_test_qsys" with 30 modules, 49 files
Info: 2018.10.19.08:10:25 Info: qsys-generate succeeded.
Info: 2018.10.19.08:10:25 Info: Finished: Create HDL design files for synthesis
Info (11131): Completed upgrading IP component Qsys with file "candy_avb_test_qsys.qsys"
Info (23030): Evaluation of Tcl script c:/intelfpga_lite/18.1/quartus/common/tcl/internal/ip_regen/ip_regen.tcl was successful
Info: Quartus Prime Shell was successful. 0 errors, 0 warnings
    Info: Peak virtual memory: 4904 megabytes
    Info: Processing ended: Fri Oct 19 08:10:26 2018
    Info: Elapsed time: 00:02:06
    Info: Total CPU time (on all processors): 00:02:38


